Using pre-set license

 COMMAND LINE ARGUMENTS:
/Applications/Unity/Hub/Editor/2020.3.0f1/Unity.app/Contents/MacOS/Unity
-adb2
-batchMode
-noUpm
-name
AssetImportWorker0
-projectPath
/Users/fumi/Desktop/DogGame
-logFile
Logs/AssetImportWorker0.log
-srvPort
51042
Successfully changed project path to: /Users/fumi/Desktop/DogGame
/Users/fumi/Desktop/DogGame
Using Asset Import Pipeline V2.
Refreshing native plugins compatible for Editor in 27.86 ms, found 1 plugins.
Preloading 0 native plugins for Editor in 0.00 ms.
Initialize engine version: 2020.3.0f1 (c7b5465681fb)
[Subsystems] Discovering subsystems at path /Applications/Unity/Hub/Editor/2020.3.0f1/Unity.app/Contents/Resources/UnitySubsystems
[Subsystems] Discovering subsystems at path /Users/fumi/Desktop/DogGame/Assets
GfxDevice: creating device client; threaded=0
2021-03-28 18:19:02.509 Unity[2809:126906] Color LCD preferred device: Intel(R) Iris(TM) Plus Graphics 650 (low power)
2021-03-28 18:19:02.509 Unity[2809:126906] Metal devices available: 1
2021-03-28 18:19:02.509 Unity[2809:126906] 0: Intel(R) Iris(TM) Plus Graphics 650 (low power)
2021-03-28 18:19:02.510 Unity[2809:126906] Using device Intel(R) Iris(TM) Plus Graphics 650 (low power)
Initializing Metal device caps: Intel(R) Iris(TM) Plus Graphics 650
Initialize mono
Mono path[0] = '/Applications/Unity/Hub/Editor/2020.3.0f1/Unity.app/Contents/Managed'
Mono path[1] = '/Applications/Unity/Hub/Editor/2020.3.0f1/Unity.app/Contents/MonoBleedingEdge/lib/mono/unityjit'
Mono config path = '/Applications/Unity/Hub/Editor/2020.3.0f1/Unity.app/Contents/MonoBleedingEdge/etc'
Using monoOptions --debugger-agent=transport=dt_socket,embedding=1,server=y,suspend=n,address=127.0.0.1:56809
Begin MonoManager ReloadAssembly
Registering precompiled unity dll's ...
Register platform support module: /Applications/Unity/Hub/Editor/2020.3.0f1/PlaybackEngines/WebGLSupport/UnityEditor.WebGL.Extensions.dll
Register platform support module: /Applications/Unity/Hub/Editor/2020.3.0f1/Unity.app/Contents/PlaybackEngines/MacStandaloneSupport/UnityEditor.OSXStandalone.Extensions.dll
Registered in 0.004586 seconds.
Native extension for OSXStandalone target not found
Native extension for WebGL target not found
Refreshing native plugins compatible for Editor in 24.80 ms, found 1 plugins.
Preloading 0 native plugins for Editor in 0.00 ms.
Invoked RoslynAnalysisRunner static constructor.
RoslynAnalysisRunner will not be running.
RoslynAnalysisRunner has terminated.
Mono: successfully reloaded assembly
- Completed reload, in  1.624 seconds
Platform modules already initialized, skipping
Registering precompiled user dll's ...
Registered in 0.001591 seconds.
Begin MonoManager ReloadAssembly
Native extension for OSXStandalone target not found
Native extension for WebGL target not found
Refreshing native plugins compatible for Editor in 0.24 ms, found 1 plugins.
Preloading 0 native plugins for Editor in 0.00 ms.
Invoked RoslynAnalysisRunner static constructor.
RoslynAnalysisRunner will not be running.
RoslynAnalysisRunner has terminated.
Mono: successfully reloaded assembly
- Completed reload, in  1.130 seconds
Platform modules already initialized, skipping
========================================================================
Worker process is ready to serve import requests
Launching external process: /Applications/Unity/Hub/Editor/2020.3.0f1/Unity.app/Contents/Tools/UnityShaderCompiler
Launched and connected shader compiler UnityShaderCompiler after 0.02 seconds
Refreshing native plugins compatible for Editor in 0.47 ms, found 1 plugins.
Preloading 0 native plugins for Editor in 0.00 ms.
Unloading 1118 Unused Serialized files (Serialized files now loaded: 0)
System memory in use before: 108.9 MB.
System memory in use after: 108.9 MB.

Unloading 10 unused Assets to reduce memory usage. Loaded Objects now: 1560.
Total: 3.944541 ms (FindLiveObjects: 0.471978 ms CreateObjectMapping: 0.104121 ms MarkObjects: 3.173214 ms  DeleteObjects: 0.192306 ms)

========================================================================
Received Import Request.
  path: Assets/Scenes
  artifactKey: Guid(1a69e97b8599d40b791c46312015858b) Importer(815301076,1909f56bfc062723c751e8b465ee728b)
Start importing Assets/Scenes using Guid(1a69e97b8599d40b791c46312015858b) Importer(815301076,1909f56bfc062723c751e8b465ee728b)  -> (artifact id: 'fa27ad4326dcc32b8a4ade3c94aedbde') in 0.004162 seconds
  Import took 0.006751 seconds .

========================================================================
Received Import Request.
  Time since last request: 2.055843 seconds.
  path: Assets/Course Library/Materials
  artifactKey: Guid(da0d1bf53c5ea45fcacc3c0a7a1ba542) Importer(815301076,1909f56bfc062723c751e8b465ee728b)
Start importing Assets/Course Library/Materials using Guid(da0d1bf53c5ea45fcacc3c0a7a1ba542) Importer(815301076,1909f56bfc062723c751e8b465ee728b)  -> (artifact id: 'bc509b623f0e09127dbaf7f97a494407') in 0.001158 seconds
  Import took 0.004703 seconds .

========================================================================
Received Import Request.
  Time since last request: 0.067069 seconds.
  path: Assets/Course Library/Materials/Material_Grass.mat
  artifactKey: Guid(42b224efc5a8c4863a87e224a72bb1ea) Importer(815301076,1909f56bfc062723c751e8b465ee728b)
Start importing Assets/Course Library/Materials/Material_Grass.mat using Guid(42b224efc5a8c4863a87e224a72bb1ea) Importer(815301076,1909f56bfc062723c751e8b465ee728b)  -> (artifact id: '3cf81d7acec23805336442257a2f196c') in 1.330309 seconds
  Import took 1.334099 seconds .

========================================================================
Received Import Request.
  Time since last request: 4.656446 seconds.
  path: Assets/Course Library/_Source_Files/Materials
  artifactKey: Guid(5b52054e701663240a465cc7d040c925) Importer(815301076,1909f56bfc062723c751e8b465ee728b)
Start importing Assets/Course Library/_Source_Files/Materials using Guid(5b52054e701663240a465cc7d040c925) Importer(815301076,1909f56bfc062723c751e8b465ee728b)  -> (artifact id: '2d12c01e9fda0ad0d0a9f3db75dad8ca') in 0.002719 seconds
  Import took 0.011001 seconds .

========================================================================
Received Import Request.
  Time since last request: 0.074072 seconds.
  path: Assets/Course Library/_Source_Files/Materials/SimpleDogs.mat
  artifactKey: Guid(5a3559dc71a3dee46a71f5627f48bb36) Importer(815301076,1909f56bfc062723c751e8b465ee728b)
Start importing Assets/Course Library/_Source_Files/Materials/SimpleDogs.mat using Guid(5a3559dc71a3dee46a71f5627f48bb36) Importer(815301076,1909f56bfc062723c751e8b465ee728b)  -> (artifact id: '93899e7f4d05e5e6bd37e6c4a070135f') in 0.179144 seconds
  Import took 0.182605 seconds .

========================================================================
Received Import Request.
  Time since last request: 0.000224 seconds.
  path: Assets/Course Library/_Source_Files/Materials/SimpleFarmer_FarmersWife_Black.mat
  artifactKey: Guid(f98c6192bf2545644bb912bfaf19f832) Importer(815301076,1909f56bfc062723c751e8b465ee728b)
Start importing Assets/Course Library/_Source_Files/Materials/SimpleFarmer_FarmersWife_Black.mat using Guid(f98c6192bf2545644bb912bfaf19f832) Importer(815301076,1909f56bfc062723c751e8b465ee728b)  -> (artifact id: '3c6a2def334c2410bb791e547e589b16') in 0.227310 seconds
  Import took 0.229194 seconds .

========================================================================
Received Import Request.
  Time since last request: 0.000278 seconds.
  path: Assets/Course Library/_Source_Files/Materials/SimpleFarmer_Farmer_Black.mat
  artifactKey: Guid(4ffb04dab08f3bc46b4bae49c8873e63) Importer(815301076,1909f56bfc062723c751e8b465ee728b)
Start importing Assets/Course Library/_Source_Files/Materials/SimpleFarmer_Farmer_Black.mat using Guid(4ffb04dab08f3bc46b4bae49c8873e63) Importer(815301076,1909f56bfc062723c751e8b465ee728b)  -> (artifact id: '18966108601374e1d848b3b1acf3a59d') in 0.027012 seconds
  Import took 0.030522 seconds .

========================================================================
Received Import Request.
  Time since last request: 0.000263 seconds.
  path: Assets/Course Library/_Source_Files/Materials/SimpleFarmer_FarmWrangler_Black.mat
  artifactKey: Guid(9d9526852cc4b0b42bf5de686168e78d) Importer(815301076,1909f56bfc062723c751e8b465ee728b)
Start importing Assets/Course Library/_Source_Files/Materials/SimpleFarmer_FarmWrangler_Black.mat using Guid(9d9526852cc4b0b42bf5de686168e78d) Importer(815301076,1909f56bfc062723c751e8b465ee728b)  -> (artifact id: '9c6b5efddefe2762ef5baf8cb1f6ce3a') in 0.020108 seconds
  Import took 0.022508 seconds .

========================================================================
Received Import Request.
  Time since last request: 0.000884 seconds.
  path: Assets/Course Library/_Source_Files/Materials/SimpleFarmer_Farmer_Black.mat
  artifactKey: Guid(4ffb04dab08f3bc46b4bae49c8873e63) Importer(815301076,1909f56bfc062723c751e8b465ee728b)
Start importing Assets/Course Library/_Source_Files/Materials/SimpleFarmer_Farmer_Black.mat using Guid(4ffb04dab08f3bc46b4bae49c8873e63) Importer(815301076,1909f56bfc062723c751e8b465ee728b)  -> (artifact id: '18966108601374e1d848b3b1acf3a59d') in 0.020641 seconds
  Import took 0.024034 seconds .

========================================================================
Received Import Request.
  Time since last request: 0.000238 seconds.
  path: Assets/Course Library/_Source_Files/Materials/SimpleFarmer_FarmersDaughter_Brown.mat
  artifactKey: Guid(cc347604e888272408e91697907628e5) Importer(815301076,1909f56bfc062723c751e8b465ee728b)
Start importing Assets/Course Library/_Source_Files/Materials/SimpleFarmer_FarmersDaughter_Brown.mat using Guid(cc347604e888272408e91697907628e5) Importer(815301076,1909f56bfc062723c751e8b465ee728b)  -> (artifact id: '009d829ddf92ea8fbf04cc2bd544cc23') in 0.033457 seconds
  Import took 0.037586 seconds .

========================================================================
Received Import Request.
  Time since last request: 37.500601 seconds.
  path: Assets/Challenge 2/Challenge 2.unity
  artifactKey: Guid(f695fe0c51d8449d2b49648dad174255) Importer(815301076,1909f56bfc062723c751e8b465ee728b)
Start importing Assets/Challenge 2/Challenge 2.unity using Guid(f695fe0c51d8449d2b49648dad174255) Importer(815301076,1909f56bfc062723c751e8b465ee728b)  -> (artifact id: '3b27c7c997b8b3232615b563e15ee7d9') in 0.002198 seconds
  Import took 0.005161 seconds .

========================================================================
Received Prepare
Registering precompiled user dll's ...
Registered in 0.002209 seconds.
Begin MonoManager ReloadAssembly
Native extension for OSXStandalone target not found
Native extension for WebGL target not found
Refreshing native plugins compatible for Editor in 0.25 ms, found 1 plugins.
Preloading 0 native plugins for Editor in 0.00 ms.
Invoked RoslynAnalysisRunner static constructor.
RoslynAnalysisRunner will not be running.
RoslynAnalysisRunner has terminated.
Mono: successfully reloaded assembly
- Completed reload, in  1.086 seconds
Platform modules already initialized, skipping
Refreshing native plugins compatible for Editor in 0.23 ms, found 1 plugins.
Preloading 0 native plugins for Editor in 0.00 ms.
Unloading 1113 Unused Serialized files (Serialized files now loaded: 0)
System memory in use before: 117.8 MB.
System memory in use after: 117.9 MB.

Unloading 5 unused Assets to reduce memory usage. Loaded Objects now: 1604.
Total: 2.096617 ms (FindLiveObjects: 0.322240 ms CreateObjectMapping: 0.058022 ms MarkObjects: 1.659692 ms  DeleteObjects: 0.053908 ms)

========================================================================
Received Import Request.
  Time since last request: 79.892159 seconds.
  path: Assets/Challenge 2/Scripts
  artifactKey: Guid(5cd144082593e4cfab84c2ab71c641aa) Importer(815301076,1909f56bfc062723c751e8b465ee728b)
Start importing Assets/Challenge 2/Scripts using Guid(5cd144082593e4cfab84c2ab71c641aa) Importer(815301076,1909f56bfc062723c751e8b465ee728b)  -> (artifact id: 'cd702a32e63fbb728ac1996cf43be68e') in 0.005287 seconds
  Import took 0.008630 seconds .

========================================================================
Received Import Request.
  Time since last request: 2.970810 seconds.
  path: Assets/Challenge 2/Scripts/SpawnManagerX.cs
  artifactKey: Guid(745c25f6adc3b4804961d8389a1a74fa) Importer(815301076,1909f56bfc062723c751e8b465ee728b)
Start importing Assets/Challenge 2/Scripts/SpawnManagerX.cs using Guid(745c25f6adc3b4804961d8389a1a74fa) Importer(815301076,1909f56bfc062723c751e8b465ee728b)  -> (artifact id: 'ded6fd26d48eea21c9cf1adb7dcff903') in 0.689578 seconds
  Import took 0.691873 seconds .

========================================================================
Received Prepare
Registering precompiled user dll's ...
Registered in 0.001153 seconds.
Begin MonoManager ReloadAssembly
Native extension for OSXStandalone target not found
Native extension for WebGL target not found
Refreshing native plugins compatible for Editor in 0.32 ms, found 1 plugins.
Preloading 0 native plugins for Editor in 0.00 ms.
Invoked RoslynAnalysisRunner static constructor.
RoslynAnalysisRunner will not be running.
RoslynAnalysisRunner has terminated.
Mono: successfully reloaded assembly
- Completed reload, in  1.072 seconds
Platform modules already initialized, skipping
Refreshing native plugins compatible for Editor in 0.21 ms, found 1 plugins.
Preloading 0 native plugins for Editor in 0.00 ms.
Unloading 1113 Unused Serialized files (Serialized files now loaded: 0)
System memory in use before: 122.3 MB.
System memory in use after: 122.4 MB.

Unloading 5 unused Assets to reduce memory usage. Loaded Objects now: 1607.
Total: 2.285708 ms (FindLiveObjects: 0.267078 ms CreateObjectMapping: 0.065438 ms MarkObjects: 1.895683 ms  DeleteObjects: 0.053435 ms)

========================================================================
Received Import Request.
  Time since last request: 137.584338 seconds.
  path: Assets/Challenge 2/Scripts/DetectCollisionsX.cs
  artifactKey: Guid(22f880a64e2c84b0a8be42be264f9bad) Importer(815301076,1909f56bfc062723c751e8b465ee728b)
Start importing Assets/Challenge 2/Scripts/DetectCollisionsX.cs using Guid(22f880a64e2c84b0a8be42be264f9bad) Importer(815301076,1909f56bfc062723c751e8b465ee728b)  -> (artifact id: '7fd6705917c567195f8afb71e82a0523') in 0.010853 seconds
  Import took 0.013940 seconds .

========================================================================
Received Import Request.
  Time since last request: 7.112266 seconds.
  path: Assets/Challenge 2/Scripts/PlayerControllerX.cs
  artifactKey: Guid(5d96ad106bd784549a370bbfd1f8b697) Importer(815301076,1909f56bfc062723c751e8b465ee728b)
Start importing Assets/Challenge 2/Scripts/PlayerControllerX.cs using Guid(5d96ad106bd784549a370bbfd1f8b697) Importer(815301076,1909f56bfc062723c751e8b465ee728b)  -> (artifact id: '22d4493534fd00c63fd3011c1ef60b79') in 0.003548 seconds
  Import took 0.006910 seconds .

========================================================================
Received Import Request.
  Time since last request: 23.594389 seconds.
  path: Assets/Challenge 2/Prefabs
  artifactKey: Guid(b6bcb0d0d4a5945c58d509d7535599da) Importer(815301076,1909f56bfc062723c751e8b465ee728b)
Start importing Assets/Challenge 2/Prefabs using Guid(b6bcb0d0d4a5945c58d509d7535599da) Importer(815301076,1909f56bfc062723c751e8b465ee728b)  -> (artifact id: '5d5808c10329c2ea86b8228bb5d87348') in 0.002055 seconds
  Import took 0.004411 seconds .

========================================================================
Received Import Request.
  Time since last request: 0.001487 seconds.
  path: Assets/Challenge 2/Prefabs
  artifactKey: Guid(b6bcb0d0d4a5945c58d509d7535599da) Importer(815301076,1909f56bfc062723c751e8b465ee728b)
Start importing Assets/Challenge 2/Prefabs using Guid(b6bcb0d0d4a5945c58d509d7535599da) Importer(815301076,1909f56bfc062723c751e8b465ee728b)  -> (artifact id: '5d5808c10329c2ea86b8228bb5d87348') in 0.001077 seconds
  Import took 0.003246 seconds .

========================================================================
Received Import Request.
  Time since last request: 2.230693 seconds.
  path: Assets/Challenge 2/Prefabs/Ball 1.prefab
  artifactKey: Guid(1d143480adadf43389395930eee2b5cf) Importer(815301076,1909f56bfc062723c751e8b465ee728b)
Start importing Assets/Challenge 2/Prefabs/Ball 1.prefab using Guid(1d143480adadf43389395930eee2b5cf) Importer(815301076,1909f56bfc062723c751e8b465ee728b)  -> (artifact id: 'de0d332129b44cfcad16ad8d88d4cbbf') in 0.515911 seconds
  Import took 0.518587 seconds .

========================================================================
Received Import Request.
  Time since last request: 2.228600 seconds.
  path: Assets/Challenge 2/Prefabs/Dog.prefab
  artifactKey: Guid(3e5fe95e580114a5f8f8348678e77463) Importer(815301076,1909f56bfc062723c751e8b465ee728b)
Start importing Assets/Challenge 2/Prefabs/Dog.prefab using Guid(3e5fe95e580114a5f8f8348678e77463) Importer(815301076,1909f56bfc062723c751e8b465ee728b)  -> (artifact id: '87da8fbc1318e9e4e26d83c6b8d3c7e1') in 0.473661 seconds
  Import took 0.477326 seconds .

========================================================================
Received Prepare
Registering precompiled user dll's ...
Registered in 0.001179 seconds.
Begin MonoManager ReloadAssembly
Native extension for OSXStandalone target not found
Native extension for WebGL target not found
Refreshing native plugins compatible for Editor in 0.23 ms, found 1 plugins.
Preloading 0 native plugins for Editor in 0.00 ms.
Invoked RoslynAnalysisRunner static constructor.
RoslynAnalysisRunner will not be running.
RoslynAnalysisRunner has terminated.
Mono: successfully reloaded assembly
- Completed reload, in  1.104 seconds
Platform modules already initialized, skipping
Refreshing native plugins compatible for Editor in 0.25 ms, found 1 plugins.
Preloading 0 native plugins for Editor in 0.00 ms.
Unloading 1113 Unused Serialized files (Serialized files now loaded: 0)
System memory in use before: 140.9 MB.
System memory in use after: 141.0 MB.

Unloading 5 unused Assets to reduce memory usage. Loaded Objects now: 1613.
Total: 1.781784 ms (FindLiveObjects: 0.172811 ms CreateObjectMapping: 0.032053 ms MarkObjects: 1.529922 ms  DeleteObjects: 0.045784 ms)

========================================================================
Received Prepare
Registering precompiled user dll's ...
Registered in 0.001180 seconds.
Begin MonoManager ReloadAssembly
Native extension for OSXStandalone target not found
Native extension for WebGL target not found
Refreshing native plugins compatible for Editor in 0.26 ms, found 1 plugins.
Preloading 0 native plugins for Editor in 0.00 ms.
Invoked RoslynAnalysisRunner static constructor.
RoslynAnalysisRunner will not be running.
RoslynAnalysisRunner has terminated.
Mono: successfully reloaded assembly
- Completed reload, in  1.125 seconds
Platform modules already initialized, skipping
Refreshing native plugins compatible for Editor in 0.39 ms, found 1 plugins.
Preloading 0 native plugins for Editor in 0.00 ms.
Unloading 1113 Unused Serialized files (Serialized files now loaded: 0)
System memory in use before: 141.2 MB.
System memory in use after: 141.2 MB.

Unloading 5 unused Assets to reduce memory usage. Loaded Objects now: 1616.
Total: 2.389177 ms (FindLiveObjects: 0.367661 ms CreateObjectMapping: 0.072736 ms MarkObjects: 1.894194 ms  DeleteObjects: 0.052895 ms)

========================================================================
Received Prepare
Registering precompiled user dll's ...
Registered in 0.001180 seconds.
Begin MonoManager ReloadAssembly
Native extension for OSXStandalone target not found
Native extension for WebGL target not found
Refreshing native plugins compatible for Editor in 0.24 ms, found 1 plugins.
Preloading 0 native plugins for Editor in 0.00 ms.
Invoked RoslynAnalysisRunner static constructor.
RoslynAnalysisRunner will not be running.
RoslynAnalysisRunner has terminated.
Mono: successfully reloaded assembly
- Completed reload, in  1.117 seconds
Platform modules already initialized, skipping
Refreshing native plugins compatible for Editor in 0.28 ms, found 1 plugins.
Preloading 0 native plugins for Editor in 0.00 ms.
Unloading 1113 Unused Serialized files (Serialized files now loaded: 0)
System memory in use before: 141.4 MB.
System memory in use after: 141.4 MB.

Unloading 5 unused Assets to reduce memory usage. Loaded Objects now: 1619.
Total: 3.721931 ms (FindLiveObjects: 0.667611 ms CreateObjectMapping: 0.104660 ms MarkObjects: 2.864422 ms  DeleteObjects: 0.080050 ms)

========================================================================
Received Import Request.
  Time since last request: 287.857134 seconds.
  path: Assets/Challenge 2/Prefabs/Ball 2.prefab
  artifactKey: Guid(a325bcb65fd94414191d0ddc2514e2dc) Importer(815301076,1909f56bfc062723c751e8b465ee728b)
Start importing Assets/Challenge 2/Prefabs/Ball 2.prefab using Guid(a325bcb65fd94414191d0ddc2514e2dc) Importer(815301076,1909f56bfc062723c751e8b465ee728b)  -> (artifact id: 'eafb8a54ca0e627de70d87c0a1cb2619') in 0.069391 seconds
  Import took 0.071682 seconds .

========================================================================
Received Import Request.
  Time since last request: 11.743092 seconds.
  path: Assets/Challenge 2/Prefabs/Ball 3.prefab
  artifactKey: Guid(fc41e6839a5494e0cbaea5f0081c271d) Importer(815301076,1909f56bfc062723c751e8b465ee728b)
Start importing Assets/Challenge 2/Prefabs/Ball 3.prefab using Guid(fc41e6839a5494e0cbaea5f0081c271d) Importer(815301076,1909f56bfc062723c751e8b465ee728b)  -> (artifact id: 'faf5389832d23781493e2d6e347b4909') in 0.018615 seconds
  Import took 0.021113 seconds .

========================================================================
Received Prepare
Registering precompiled user dll's ...
Registered in 0.000764 seconds.
Begin MonoManager ReloadAssembly
Native extension for OSXStandalone target not found
Native extension for WebGL target not found
Refreshing native plugins compatible for Editor in 0.24 ms, found 1 plugins.
Preloading 0 native plugins for Editor in 0.00 ms.
Invoked RoslynAnalysisRunner static constructor.
RoslynAnalysisRunner will not be running.
RoslynAnalysisRunner has terminated.
Mono: successfully reloaded assembly
- Completed reload, in  0.976 seconds
Platform modules already initialized, skipping
Refreshing native plugins compatible for Editor in 0.24 ms, found 1 plugins.
Preloading 0 native plugins for Editor in 0.00 ms.
Unloading 1113 Unused Serialized files (Serialized files now loaded: 0)
System memory in use before: 141.6 MB.
System memory in use after: 141.7 MB.

Unloading 5 unused Assets to reduce memory usage. Loaded Objects now: 1623.
Total: 3.633336 ms (FindLiveObjects: 0.248336 ms CreateObjectMapping: 0.061775 ms MarkObjects: 3.256900 ms  DeleteObjects: 0.063146 ms)

========================================================================
Received Prepare
Registering precompiled user dll's ...
Registered in 0.000792 seconds.
Begin MonoManager ReloadAssembly
Native extension for OSXStandalone target not found
Native extension for WebGL target not found
Refreshing native plugins compatible for Editor in 0.26 ms, found 1 plugins.
Preloading 0 native plugins for Editor in 0.00 ms.
Invoked RoslynAnalysisRunner static constructor.
RoslynAnalysisRunner will not be running.
RoslynAnalysisRunner has terminated.
Mono: successfully reloaded assembly
- Completed reload, in  1.008 seconds
Platform modules already initialized, skipping
Refreshing native plugins compatible for Editor in 0.19 ms, found 1 plugins.
Preloading 0 native plugins for Editor in 0.00 ms.
Unloading 1113 Unused Serialized files (Serialized files now loaded: 0)
System memory in use before: 141.8 MB.
System memory in use after: 141.9 MB.

Unloading 5 unused Assets to reduce memory usage. Loaded Objects now: 1626.
Total: 3.387614 ms (FindLiveObjects: 0.336636 ms CreateObjectMapping: 0.090788 ms MarkObjects: 2.867973 ms  DeleteObjects: 0.089188 ms)

========================================================================
Received Import Request.
  Time since last request: 122.943892 seconds.
  path: Assets/Challenge 2/Prefabs/Dog.prefab
  artifactKey: Guid(3e5fe95e580114a5f8f8348678e77463) Importer(815301076,1909f56bfc062723c751e8b465ee728b)
Start importing Assets/Challenge 2/Prefabs/Dog.prefab using Guid(3e5fe95e580114a5f8f8348678e77463) Importer(815301076,1909f56bfc062723c751e8b465ee728b)  -> (artifact id: '6c57161fca6e1b7c47c8fe8a63e508bd') in 0.443910 seconds
  Import took 0.449756 seconds .

========================================================================
Received Prepare
Registering precompiled user dll's ...
Registered in 0.000595 seconds.
Begin MonoManager ReloadAssembly
Native extension for OSXStandalone target not found
Native extension for WebGL target not found
Refreshing native plugins compatible for Editor in 0.33 ms, found 1 plugins.
Preloading 0 native plugins for Editor in 0.00 ms.
Invoked RoslynAnalysisRunner static constructor.
RoslynAnalysisRunner will not be running.
RoslynAnalysisRunner has terminated.
Mono: successfully reloaded assembly
- Completed reload, in  1.015 seconds
Platform modules already initialized, skipping
Refreshing native plugins compatible for Editor in 0.28 ms, found 1 plugins.
Preloading 0 native plugins for Editor in 0.00 ms.
Unloading 1113 Unused Serialized files (Serialized files now loaded: 0)
System memory in use before: 142.1 MB.
System memory in use after: 142.2 MB.

Unloading 5 unused Assets to reduce memory usage. Loaded Objects now: 1630.
Total: 1.924765 ms (FindLiveObjects: 0.176987 ms CreateObjectMapping: 0.042835 ms MarkObjects: 1.652515 ms  DeleteObjects: 0.050723 ms)

========================================================================
Received Prepare
Registering precompiled user dll's ...
Registered in 0.000409 seconds.
Begin MonoManager ReloadAssembly
Native extension for OSXStandalone target not found
Native extension for WebGL target not found
Refreshing native plugins compatible for Editor in 0.24 ms, found 1 plugins.
Preloading 0 native plugins for Editor in 0.00 ms.
Invoked RoslynAnalysisRunner static constructor.
RoslynAnalysisRunner will not be running.
RoslynAnalysisRunner has terminated.
Mono: successfully reloaded assembly
- Completed reload, in  1.044 seconds
Platform modules already initialized, skipping
Refreshing native plugins compatible for Editor in 0.23 ms, found 1 plugins.
Preloading 0 native plugins for Editor in 0.00 ms.
Unloading 1113 Unused Serialized files (Serialized files now loaded: 0)
System memory in use before: 142.3 MB.
System memory in use after: 142.3 MB.

Unloading 5 unused Assets to reduce memory usage. Loaded Objects now: 1633.
Total: 3.098003 ms (FindLiveObjects: 0.345459 ms CreateObjectMapping: 0.091450 ms MarkObjects: 2.589150 ms  DeleteObjects: 0.066542 ms)

========================================================================
Received Prepare
Registering precompiled user dll's ...
Registered in 0.000408 seconds.
Begin MonoManager ReloadAssembly
Native extension for OSXStandalone target not found
Native extension for WebGL target not found
Refreshing native plugins compatible for Editor in 0.24 ms, found 1 plugins.
Preloading 0 native plugins for Editor in 0.00 ms.
Invoked RoslynAnalysisRunner static constructor.
RoslynAnalysisRunner will not be running.
RoslynAnalysisRunner has terminated.
Mono: successfully reloaded assembly
- Completed reload, in  0.976 seconds
Platform modules already initialized, skipping
Refreshing native plugins compatible for Editor in 0.18 ms, found 1 plugins.
Preloading 0 native plugins for Editor in 0.00 ms.
Unloading 1113 Unused Serialized files (Serialized files now loaded: 0)
System memory in use before: 142.5 MB.
System memory in use after: 142.5 MB.

Unloading 5 unused Assets to reduce memory usage. Loaded Objects now: 1636.
Total: 1.609168 ms (FindLiveObjects: 0.171964 ms CreateObjectMapping: 0.037956 ms MarkObjects: 1.355273 ms  DeleteObjects: 0.043073 ms)

========================================================================
Received Prepare
Registering precompiled user dll's ...
Registered in 0.001435 seconds.
Begin MonoManager ReloadAssembly
Native extension for OSXStandalone target not found
Native extension for WebGL target not found
Refreshing native plugins compatible for Editor in 0.25 ms, found 1 plugins.
Preloading 0 native plugins for Editor in 0.00 ms.
Invoked RoslynAnalysisRunner static constructor.
RoslynAnalysisRunner will not be running.
RoslynAnalysisRunner has terminated.
Mono: successfully reloaded assembly
- Completed reload, in  1.021 seconds
Platform modules already initialized, skipping
Refreshing native plugins compatible for Editor in 0.20 ms, found 1 plugins.
Preloading 0 native plugins for Editor in 0.00 ms.
Unloading 1113 Unused Serialized files (Serialized files now loaded: 0)
System memory in use before: 142.6 MB.
System memory in use after: 142.7 MB.

Unloading 5 unused Assets to reduce memory usage. Loaded Objects now: 1639.
Total: 2.710274 ms (FindLiveObjects: 0.407660 ms CreateObjectMapping: 0.127617 ms MarkObjects: 2.117599 ms  DeleteObjects: 0.054992 ms)

========================================================================
Received Prepare
Registering precompiled user dll's ...
Registered in 0.000430 seconds.
Begin MonoManager ReloadAssembly
Native extension for OSXStandalone target not found
Native extension for WebGL target not found
Refreshing native plugins compatible for Editor in 0.26 ms, found 1 plugins.
Preloading 0 native plugins for Editor in 0.00 ms.
Invoked RoslynAnalysisRunner static constructor.
RoslynAnalysisRunner will not be running.
RoslynAnalysisRunner has terminated.
Mono: successfully reloaded assembly
- Completed reload, in  0.963 seconds
Platform modules already initialized, skipping
Refreshing native plugins compatible for Editor in 0.21 ms, found 1 plugins.
Preloading 0 native plugins for Editor in 0.00 ms.
Unloading 1113 Unused Serialized files (Serialized files now loaded: 0)
System memory in use before: 142.8 MB.
System memory in use after: 142.9 MB.

Unloading 5 unused Assets to reduce memory usage. Loaded Objects now: 1642.
Total: 1.646499 ms (FindLiveObjects: 0.185075 ms CreateObjectMapping: 0.035442 ms MarkObjects: 1.377902 ms  DeleteObjects: 0.047086 ms)

========================================================================
Received Prepare
Registering precompiled user dll's ...
Registered in 0.000408 seconds.
Begin MonoManager ReloadAssembly
Native extension for OSXStandalone target not found
Native extension for WebGL target not found
Refreshing native plugins compatible for Editor in 0.29 ms, found 1 plugins.
Preloading 0 native plugins for Editor in 0.00 ms.
Invoked RoslynAnalysisRunner static constructor.
RoslynAnalysisRunner will not be running.
RoslynAnalysisRunner has terminated.
Mono: successfully reloaded assembly
- Completed reload, in  0.982 seconds
Platform modules already initialized, skipping
Refreshing native plugins compatible for Editor in 0.23 ms, found 1 plugins.
Preloading 0 native plugins for Editor in 0.00 ms.
Unloading 1113 Unused Serialized files (Serialized files now loaded: 0)
System memory in use before: 143.1 MB.
System memory in use after: 143.2 MB.

Unloading 5 unused Assets to reduce memory usage. Loaded Objects now: 1645.
Total: 2.563271 ms (FindLiveObjects: 0.393373 ms CreateObjectMapping: 0.081165 ms MarkObjects: 1.954577 ms  DeleteObjects: 0.132011 ms)

========================================================================
Received Prepare
Registering precompiled user dll's ...
Registered in 0.001178 seconds.
Begin MonoManager ReloadAssembly
Native extension for OSXStandalone target not found
Native extension for WebGL target not found
Refreshing native plugins compatible for Editor in 0.25 ms, found 1 plugins.
Preloading 0 native plugins for Editor in 0.00 ms.
Invoked RoslynAnalysisRunner static constructor.
RoslynAnalysisRunner will not be running.
RoslynAnalysisRunner has terminated.
Mono: successfully reloaded assembly
- Completed reload, in  1.131 seconds
Platform modules already initialized, skipping
Refreshing native plugins compatible for Editor in 0.20 ms, found 1 plugins.
Preloading 0 native plugins for Editor in 0.00 ms.
Unloading 1113 Unused Serialized files (Serialized files now loaded: 0)
System memory in use before: 143.3 MB.
System memory in use after: 143.3 MB.

Unloading 5 unused Assets to reduce memory usage. Loaded Objects now: 1648.
Total: 1.679385 ms (FindLiveObjects: 0.191568 ms CreateObjectMapping: 0.034799 ms MarkObjects: 1.406931 ms  DeleteObjects: 0.044862 ms)

========================================================================
Received Prepare
Registering precompiled user dll's ...
Registered in 0.001874 seconds.
Begin MonoManager ReloadAssembly
Native extension for OSXStandalone target not found
Native extension for WebGL target not found
Refreshing native plugins compatible for Editor in 0.24 ms, found 1 plugins.
Preloading 0 native plugins for Editor in 0.00 ms.
Invoked RoslynAnalysisRunner static constructor.
RoslynAnalysisRunner will not be running.
RoslynAnalysisRunner has terminated.
Mono: successfully reloaded assembly
- Completed reload, in  1.064 seconds
Platform modules already initialized, skipping
Refreshing native plugins compatible for Editor in 0.25 ms, found 1 plugins.
Preloading 0 native plugins for Editor in 0.00 ms.
Unloading 1113 Unused Serialized files (Serialized files now loaded: 0)
System memory in use before: 143.5 MB.
System memory in use after: 143.5 MB.

Unloading 5 unused Assets to reduce memory usage. Loaded Objects now: 1651.
Total: 2.597058 ms (FindLiveObjects: 0.268419 ms CreateObjectMapping: 0.049397 ms MarkObjects: 2.165916 ms  DeleteObjects: 0.111554 ms)

========================================================================
Received Prepare
Registering precompiled user dll's ...
Registered in 0.000381 seconds.
Begin MonoManager ReloadAssembly
Native extension for OSXStandalone target not found
Native extension for WebGL target not found
Refreshing native plugins compatible for Editor in 0.24 ms, found 1 plugins.
Preloading 0 native plugins for Editor in 0.00 ms.
Invoked RoslynAnalysisRunner static constructor.
RoslynAnalysisRunner will not be running.
RoslynAnalysisRunner has terminated.
Mono: successfully reloaded assembly
- Completed reload, in  0.994 seconds
Platform modules already initialized, skipping
Refreshing native plugins compatible for Editor in 0.19 ms, found 1 plugins.
Preloading 0 native plugins for Editor in 0.00 ms.
Unloading 1113 Unused Serialized files (Serialized files now loaded: 0)
System memory in use before: 143.7 MB.
System memory in use after: 143.7 MB.

Unloading 5 unused Assets to reduce memory usage. Loaded Objects now: 1654.
Total: 2.610126 ms (FindLiveObjects: 0.521281 ms CreateObjectMapping: 0.135120 ms MarkObjects: 1.894094 ms  DeleteObjects: 0.057352 ms)

========================================================================
Received Prepare
Registering precompiled user dll's ...
Registered in 0.000895 seconds.
Begin MonoManager ReloadAssembly
Native extension for OSXStandalone target not found
Native extension for WebGL target not found
Refreshing native plugins compatible for Editor in 0.24 ms, found 1 plugins.
Preloading 0 native plugins for Editor in 0.00 ms.
Invoked RoslynAnalysisRunner static constructor.
RoslynAnalysisRunner will not be running.
RoslynAnalysisRunner has terminated.
Mono: successfully reloaded assembly
- Completed reload, in  0.990 seconds
Platform modules already initialized, skipping
Refreshing native plugins compatible for Editor in 0.21 ms, found 1 plugins.
Preloading 0 native plugins for Editor in 0.00 ms.
Unloading 1113 Unused Serialized files (Serialized files now loaded: 0)
System memory in use before: 143.9 MB.
System memory in use after: 143.9 MB.

Unloading 5 unused Assets to reduce memory usage. Loaded Objects now: 1657.
Total: 1.642286 ms (FindLiveObjects: 0.174511 ms CreateObjectMapping: 0.036868 ms MarkObjects: 1.387102 ms  DeleteObjects: 0.042891 ms)

========================================================================
Received Prepare
Registering precompiled user dll's ...
Registered in 0.000360 seconds.
Begin MonoManager ReloadAssembly
Native extension for OSXStandalone target not found
Native extension for WebGL target not found
Refreshing native plugins compatible for Editor in 0.24 ms, found 1 plugins.
Preloading 0 native plugins for Editor in 0.00 ms.
Invoked RoslynAnalysisRunner static constructor.
RoslynAnalysisRunner will not be running.
RoslynAnalysisRunner has terminated.
Mono: successfully reloaded assembly
- Completed reload, in  1.095 seconds
Platform modules already initialized, skipping
Refreshing native plugins compatible for Editor in 0.27 ms, found 1 plugins.
Preloading 0 native plugins for Editor in 0.00 ms.
Unloading 1113 Unused Serialized files (Serialized files now loaded: 0)
System memory in use before: 144.0 MB.
System memory in use after: 144.1 MB.

Unloading 5 unused Assets to reduce memory usage. Loaded Objects now: 1660.
Total: 2.164477 ms (FindLiveObjects: 0.265100 ms CreateObjectMapping: 0.040495 ms MarkObjects: 1.799790 ms  DeleteObjects: 0.057115 ms)

========================================================================
Received Prepare
Registering precompiled user dll's ...
Registered in 0.001742 seconds.
Begin MonoManager ReloadAssembly
Native extension for OSXStandalone target not found
Native extension for WebGL target not found
Refreshing native plugins compatible for Editor in 0.24 ms, found 1 plugins.
Preloading 0 native plugins for Editor in 0.00 ms.
Invoked RoslynAnalysisRunner static constructor.
RoslynAnalysisRunner will not be running.
RoslynAnalysisRunner has terminated.
Mono: successfully reloaded assembly
- Completed reload, in  1.111 seconds
Platform modules already initialized, skipping
Refreshing native plugins compatible for Editor in 0.24 ms, found 1 plugins.
Preloading 0 native plugins for Editor in 0.00 ms.
Unloading 1113 Unused Serialized files (Serialized files now loaded: 0)
System memory in use before: 144.2 MB.
System memory in use after: 144.2 MB.

Unloading 5 unused Assets to reduce memory usage. Loaded Objects now: 1663.
Total: 2.430137 ms (FindLiveObjects: 0.323816 ms CreateObjectMapping: 0.070717 ms MarkObjects: 1.979600 ms  DeleteObjects: 0.053961 ms)

========================================================================
Received Prepare
Registering precompiled user dll's ...
Registered in 0.000812 seconds.
Begin MonoManager ReloadAssembly
Native extension for OSXStandalone target not found
Native extension for WebGL target not found
Refreshing native plugins compatible for Editor in 0.25 ms, found 1 plugins.
Preloading 0 native plugins for Editor in 0.00 ms.
Invoked RoslynAnalysisRunner static constructor.
RoslynAnalysisRunner will not be running.
RoslynAnalysisRunner has terminated.
Mono: successfully reloaded assembly
- Completed reload, in  1.073 seconds
Platform modules already initialized, skipping
Refreshing native plugins compatible for Editor in 0.21 ms, found 1 plugins.
Preloading 0 native plugins for Editor in 0.00 ms.
Unloading 1113 Unused Serialized files (Serialized files now loaded: 0)
System memory in use before: 144.4 MB.
System memory in use after: 144.5 MB.

Unloading 5 unused Assets to reduce memory usage. Loaded Objects now: 1666.
Total: 1.992999 ms (FindLiveObjects: 0.305697 ms CreateObjectMapping: 0.055579 ms MarkObjects: 1.559956 ms  DeleteObjects: 0.070718 ms)

========================================================================
Received Prepare
Registering precompiled user dll's ...
Registered in 0.000975 seconds.
Begin MonoManager ReloadAssembly
Native extension for OSXStandalone target not found
Native extension for WebGL target not found
Refreshing native plugins compatible for Editor in 0.23 ms, found 1 plugins.
Preloading 0 native plugins for Editor in 0.00 ms.
Invoked RoslynAnalysisRunner static constructor.
RoslynAnalysisRunner will not be running.
RoslynAnalysisRunner has terminated.
Mono: successfully reloaded assembly
- Completed reload, in  1.090 seconds
Platform modules already initialized, skipping
Refreshing native plugins compatible for Editor in 0.30 ms, found 1 plugins.
Preloading 0 native plugins for Editor in 0.00 ms.
Unloading 1113 Unused Serialized files (Serialized files now loaded: 0)
System memory in use before: 144.6 MB.
System memory in use after: 144.6 MB.

Unloading 5 unused Assets to reduce memory usage. Loaded Objects now: 1669.
Total: 2.563660 ms (FindLiveObjects: 0.363793 ms CreateObjectMapping: 0.069004 ms MarkObjects: 2.074228 ms  DeleteObjects: 0.054566 ms)

